0 info it worked if it ends with ok
1 verbose cli [ '/usr/local/bin/node', '/usr/local/bin/npm', 'run', 'galaxy' ]
2 info using npm@3.10.3
3 info using node@v6.6.0
4 verbose run-script [ 'pregalaxy', 'galaxy', 'postgalaxy' ]
5 info lifecycle CareerPortal@2.0.0~pregalaxy: CareerPortal@2.0.0
6 verbose lifecycle CareerPortal@2.0.0~pregalaxy: unsafe-perm in lifecycle true
7 verbose lifecycle CareerPortal@2.0.0~pregalaxy: PATH: /usr/local/lib/node_modules/npm/bin/node-gyp-bin:/Users/paulcullenrowe/Dropbox/*Silverleaf/Projects/ACCESS/access-career-portal/node_modules/.bin:/usr/local/bin:/Users/paulcullenrowe/.rvm/gems/ruby-2.2.3/bin:/Users/paulcullenrowe/.rvm/gems/ruby-2.2.3@global/bin:/Users/paulcullenrowe/.rvm/rubies/ruby-2.2.3/bin:/usr/local/share/npm/bin:/usr/local/heroku/bin:/usr/local/bin:/usr/bin:/bin:/usr/sbin:/sbin:/Users/paulcullenrowe/.rvm/bin
8 verbose lifecycle CareerPortal@2.0.0~pregalaxy: CWD: /Users/paulcullenrowe/Dropbox/*Silverleaf/Projects/ACCESS/access-career-portal
9 silly lifecycle CareerPortal@2.0.0~pregalaxy: Args: [ '-c', 'npm run loc' ]
10 silly lifecycle CareerPortal@2.0.0~pregalaxy: Returned: code: 1  signal: null
11 info lifecycle CareerPortal@2.0.0~pregalaxy: Failed to exec pregalaxy script
12 verbose stack Error: CareerPortal@2.0.0 pregalaxy: `npm run loc`
12 verbose stack Exit status 1
12 verbose stack     at EventEmitter.<anonymous> (/usr/local/lib/node_modules/npm/lib/utils/lifecycle.js:242:16)
12 verbose stack     at emitTwo (events.js:106:13)
12 verbose stack     at EventEmitter.emit (events.js:191:7)
12 verbose stack     at ChildProcess.<anonymous> (/usr/local/lib/node_modules/npm/lib/utils/spawn.js:40:14)
12 verbose stack     at emitTwo (events.js:106:13)
12 verbose stack     at ChildProcess.emit (events.js:191:7)
12 verbose stack     at maybeClose (internal/child_process.js:877:16)
12 verbose stack     at Process.ChildProcess._handle.onexit (internal/child_process.js:226:5)
13 verbose pkgid CareerPortal@2.0.0
14 verbose cwd /Users/paulcullenrowe/Dropbox/*Silverleaf/Projects/ACCESS/access-career-portal
15 error Darwin 16.4.0
16 error argv "/usr/local/bin/node" "/usr/local/bin/npm" "run" "galaxy"
17 error node v6.6.0
18 error npm  v3.10.3
19 error code ELIFECYCLE
20 error CareerPortal@2.0.0 pregalaxy: `npm run loc`
20 error Exit status 1
21 error Failed at the CareerPortal@2.0.0 pregalaxy script 'npm run loc'.
21 error Make sure you have the latest version of node.js and npm installed.
21 error If you do, this is most likely a problem with the CareerPortal package,
21 error not with npm itself.
21 error Tell the author that this fails on your system:
21 error     npm run loc
21 error You can get information on how to open an issue for this project with:
21 error     npm bugs CareerPortal
21 error Or if that isn't available, you can get their info via:
21 error     npm owner ls CareerPortal
21 error There is likely additional logging output above.
22 verbose exit [ 1, true ]
